<?xml version='1.0' encoding='UTF-8'?>
<testsuite hostname="192-168-0-132.rdsnet.ro" name="FSetTest" tests="21" errors="0" failures="0" skipped="0" time="0.27" timestamp="2022-03-15T20:39:29">
          <properties>
[...]
</properties>
          <testcase classname="FSetTest" name="Valid profile id:1012" time="0.21">
                      
                    </testcase><testcase classname="FSetTest" name="Empty set (3p):" time="0.004">
                      
                    </testcase><testcase classname="FSetTest" name="Singleton member test 1 (3p)" time="0.003">
                      
                    </testcase><testcase classname="FSetTest" name="Singleton member test 2 (4p)" time="0.002">
                      
                    </testcase><testcase classname="FSetTest" name="fromBounds (11p) " time="0.002">
                      
                    </testcase><testcase classname="FSetTest" name="Intersection with empty set (6p)" time="0.002">
                      
                    </testcase><testcase classname="FSetTest" name="Intersection with singleton set (6p)" time="0.003">
                      
                    </testcase><testcase classname="FSetTest" name="Union with empty set (4p) " time="0.003">
                      
                    </testcase><testcase classname="FSetTest" name="Union with two singleton sets, lhs (4p)" time="0.002">
                      
                    </testcase><testcase classname="FSetTest" name="Union with two singleton sets, rhs (4p)" time="0.002">
                      
                    </testcase><testcase classname="FSetTest" name="sumSet with empty set (5p)" time="0.001">
                      
                    </testcase><testcase classname="FSetTest" name="sumSet with bounds (5p)" time="0.001">
                      
                    </testcase><testcase classname="FSetTest" name="foldSet with empty set (5p)" time="0.003">
                      
                    </testcase><testcase classname="FSetTest" name="foldSet with addition (5p)" time="0.003">
                      
                    </testcase><testcase classname="FSetTest" name="foldSet with multiplication (5p)" time="0.002">
                      
                    </testcase><testcase classname="FSetTest" name="Forall with empty set (5p)" time="0.001">
                      
                    </testcase><testcase classname="FSetTest" name="Forall with all even numbers (5p)" time="0.003">
                      
                    </testcase><testcase classname="FSetTest" name="Forall with one odd number (5p)" time="0.003">
                      
                    </testcase><testcase classname="FSetTest" name="Exists with empty set (5p)" time="0.01">
                      
                    </testcase><testcase classname="FSetTest" name="Exists odd number in set of all-even numbers (5p)" time="0.007">
                      
                    </testcase><testcase classname="FSetTest" name="Exists - odd number in set with one odd number (5p)" time="0.003">
                      
                    </testcase>
          <system-out><![CDATA[]]></system-out>
          <system-err><![CDATA[]]></system-err>
        </testsuite>